This is pdfTeX, Version 3.141592653-2.6-1.40.25 (TeX Live 2023/Debian) (preloaded format=pdflatex 2024.7.5)  10 NOV 2024 16:46
entering extended mode
 restricted \write18 enabled.
 file:line:error style messages enabled.
 %&-line parsing enabled.
**/media/chakir/shkr/_taF/udeS/bin702/BIN702_chakirou_alabani/main.tex
(/media/chakir/shkr/_taF/udeS/bin702/BIN702_chakirou_alabani/main.tex
LaTeX2e <2023-06-01>
L3 programming layer <2023-06-05>
(/usr/share/texlive/texmf-dist/tex/latex/base/article.cls
Document Class: article 2023/05/17 v1.4n Standard LaTeX document class
(/usr/share/texlive/texmf-dist/tex/latex/base/size12.clo
File: size12.clo 2023/05/17 v1.4n Standard LaTeX file (size option)
)
\c@part=\count185
\c@section=\count186
\c@subsection=\count187
\c@subsubsection=\count188
\c@paragraph=\count189
\c@subparagraph=\count190
\c@figure=\count191
\c@table=\count192
\abovecaptionskip=\skip48
\belowcaptionskip=\skip49
\bibindent=\dimen140
) (/usr/share/texlive/texmf-dist/tex/latex/base/fontenc.sty
Package: fontenc 2021/04/29 v2.0v Standard LaTeX package
) (/usr/share/texlive/texmf-dist/tex/latex/base/inputenc.sty
Package: inputenc 2021/02/14 v1.3d Input encoding file
\inpenc@prehook=\toks17
\inpenc@posthook=\toks18
 (/usr/share/texlive/texmf-dist/tex/latex/base/latin1.def
File: latin1.def 2021/02/14 v1.3d Input encoding file
)) (/usr/share/texlive/texmf-dist/tex/latex/geometry/geometry.sty
Package: geometry 2020/01/02 v5.9 Page Geometry
 (/usr/share/texlive/texmf-dist/tex/latex/graphics/keyval.sty
Package: keyval 2022/05/29 v1.15 key=value parser (DPC)
\KV@toks@=\toks19
) (/usr/share/texlive/texmf-dist/tex/generic/iftex/ifvtex.sty
Package: ifvtex 2019/10/25 v1.7 ifvtex legacy package. Use iftex instead.
 (/usr/share/texlive/texmf-dist/tex/generic/iftex/iftex.sty
Package: iftex 2022/02/03 v1.0f TeX engine tests
))
\Gm@cnth=\count193
\Gm@cntv=\count194
\c@Gm@tempcnt=\count195
\Gm@bindingoffset=\dimen141
\Gm@wd@mp=\dimen142
\Gm@odd@mp=\dimen143
\Gm@even@mp=\dimen144
\Gm@layoutwidth=\dimen145
\Gm@layoutheight=\dimen146
\Gm@layouthoffset=\dimen147
\Gm@layoutvoffset=\dimen148
\Gm@dimlist=\toks20
) (/usr/share/texlive/texmf-dist/tex/generic/babel/babel.sty
Package: babel 2023/05/11 v3.89 The Babel package
\babel@savecnt=\count196
\U@D=\dimen149
\l@unhyphenated=\language7
 (/usr/share/texlive/texmf-dist/tex/generic/babel/txtbabel.def)
\bbl@readstream=\read2
\bbl@dirlevel=\count197
 (/usr/share/texlive/texmf-dist/tex/generic/babel-english/english.ldf
Language: english 2017/06/06 v3.3r English support from the babel system
Package babel Info: Hyphen rules for 'british' set to \l@english
(babel)             (\language0). Reported on input line 82.
Package babel Info: Hyphen rules for 'UKenglish' set to \l@english
(babel)             (\language0). Reported on input line 83.
Package babel Info: Hyphen rules for 'canadian' set to \l@english
(babel)             (\language0). Reported on input line 102.
Package babel Info: Hyphen rules for 'australian' set to \l@english
(babel)             (\language0). Reported on input line 105.
Package babel Info: Hyphen rules for 'newzealand' set to \l@english
(babel)             (\language0). Reported on input line 108.
)) (/usr/share/texlive/texmf-dist/tex/generic/babel/locale/en/babel-english.tex
Package babel Info: Importing font and identification data for english
(babel)             from babel-en.ini. Reported on input line 11.
) (/usr/share/texlive/texmf-dist/tex/latex/listings/listings.sty
\lst@mode=\count198
\lst@gtempboxa=\box51
\lst@token=\toks21
\lst@length=\count199
\lst@currlwidth=\dimen150
\lst@column=\count266
\lst@pos=\count267
\lst@lostspace=\dimen151
\lst@width=\dimen152
\lst@newlines=\count268
\lst@lineno=\count269
\lst@maxwidth=\dimen153
 (/usr/share/texlive/texmf-dist/tex/latex/listings/lstmisc.sty
File: lstmisc.sty 2023/02/27 1.9 (Carsten Heinz)
\c@lstnumber=\count270
\lst@skipnumbers=\count271
\lst@framebox=\box52
) (/usr/share/texlive/texmf-dist/tex/latex/listings/listings.cfg
File: listings.cfg 2023/02/27 1.9 listings configuration
))
Package: listings 2023/02/27 1.9 (Carsten Heinz)
 (/usr/share/texlive/texmf-dist/tex/latex/graphics/color.sty
Package: color 2022/01/06 v1.3d Standard LaTeX Color (DPC)
 (/usr/share/texlive/texmf-dist/tex/latex/graphics-cfg/color.cfg
File: color.cfg 2016/01/02 v1.6 sample color configuration
)
Package color Info: Driver file: pdftex.def on input line 149.
 (/usr/share/texlive/texmf-dist/tex/latex/graphics-def/pdftex.def
File: pdftex.def 2022/09/22 v1.2b Graphics/color driver for pdftex
) (/usr/share/texlive/texmf-dist/tex/latex/graphics/mathcolor.ltx)) (/usr/share/texlive/texmf-dist/tex/latex/titlesec/titlesec.sty
Package: titlesec 2021/07/05 v2.14 Sectioning titles
\ttl@box=\box53
\beforetitleunit=\skip50
\aftertitleunit=\skip51
\ttl@plus=\dimen154
\ttl@minus=\dimen155
\ttl@toksa=\toks22
\titlewidth=\dimen156
\titlewidthlast=\dimen157
\titlewidthfirst=\dimen158
) (/usr/share/texlive/texmf-dist/tex/latex/titling/titling.sty
Package: titling 2009/09/04 v2.1d maketitle typesetting
\thanksmarkwidth=\skip52
\thanksmargin=\skip53
\droptitle=\skip54
) (/usr/share/texlive/texmf-dist/tex/latex/matlab-prettifier/matlab-prettifier.sty
Package: matlab-prettifier 2014/06/19 v0.3 A package for prettyprinting Matlab source code
 (/usr/share/texlive/texmf-dist/tex/latex/base/textcomp.sty
Package: textcomp 2020/02/02 v2.0n Standard LaTeX package
) (/usr/share/texlive/texmf-dist/tex/latex/xcolor/xcolor.sty
Package: xcolor 2022/06/12 v2.14 LaTeX color extensions (UK)
 (/usr/share/texlive/texmf-dist/tex/latex/graphics-cfg/color.cfg
File: color.cfg 2016/01/02 v1.6 sample color configuration
)
Package xcolor Info: Driver file: pdftex.def on input line 227.
LaTeX Info: Redefining \color on input line 711.
 (/usr/share/texlive/texmf-dist/tex/latex/graphics/mathcolor.ltx)
Package xcolor Info: Model `cmy' substituted by `cmy0' on input line 1353.
Package xcolor Info: Model `hsb' substituted by `rgb' on input line 1357.
Package xcolor Info: Model `RGB' extended on input line 1369.
Package xcolor Info: Model `HTML' substituted by `rgb' on input line 1371.
Package xcolor Info: Model `Hsb' substituted by `hsb' on input line 1372.
Package xcolor Info: Model `tHsb' substituted by `hsb' on input line 1373.
Package xcolor Info: Model `HSB' substituted by `hsb' on input line 1374.
Package xcolor Info: Model `Gray' substituted by `gray' on input line 1375.
Package xcolor Info: Model `wave' substituted by `hsb' on input line 1376.
)
\netBracketCount@mlpr=\count272
\blkLvl@mlpr=\count273
\blkLvlAtClassdef@mlpr=\count274
\emHeight@mlpr=\skip55
\jayDepth@mlpr=\skip56
\sectionRuleOffset@mlpr=\skip57
\toks@mlpr=\toks23
) (/usr/share/texlive/texmf-dist/tex/latex/changepage/changepage.sty
Package: changepage 2009/10/20 v1.0c check page and change page layout
\c@cp@cntr=\count275
\cp@tempcnt=\count276
) (/usr/share/texlive/texmf-dist/tex/latex/amsmath/amsmath.sty
Package: amsmath 2023/05/13 v2.17o AMS math features
\@mathmargin=\skip58

For additional information on amsmath, use the `?' option.
(/usr/share/texlive/texmf-dist/tex/latex/amsmath/amstext.sty
Package: amstext 2021/08/26 v2.01 AMS text
 (/usr/share/texlive/texmf-dist/tex/latex/amsmath/amsgen.sty
File: amsgen.sty 1999/11/30 v2.0 generic functions
\@emptytoks=\toks24
\ex@=\dimen159
)) (/usr/share/texlive/texmf-dist/tex/latex/amsmath/amsbsy.sty
Package: amsbsy 1999/11/29 v1.2d Bold Symbols
\pmbraise@=\dimen160
) (/usr/share/texlive/texmf-dist/tex/latex/amsmath/amsopn.sty
Package: amsopn 2022/04/08 v2.04 operator names
)
\inf@bad=\count277
LaTeX Info: Redefining \frac on input line 234.
\uproot@=\count278
\leftroot@=\count279
LaTeX Info: Redefining \overline on input line 399.
LaTeX Info: Redefining \colon on input line 410.
\classnum@=\count280
\DOTSCASE@=\count281
LaTeX Info: Redefining \ldots on input line 496.
LaTeX Info: Redefining \dots on input line 499.
LaTeX Info: Redefining \cdots on input line 620.
\Mathstrutbox@=\box54
\strutbox@=\box55
LaTeX Info: Redefining \big on input line 722.
LaTeX Info: Redefining \Big on input line 723.
LaTeX Info: Redefining \bigg on input line 724.
LaTeX Info: Redefining \Bigg on input line 725.
\big@size=\dimen161
LaTeX Font Info:    Redeclaring font encoding OML on input line 743.
LaTeX Font Info:    Redeclaring font encoding OMS on input line 744.
\macc@depth=\count282
LaTeX Info: Redefining \bmod on input line 905.
LaTeX Info: Redefining \pmod on input line 910.
LaTeX Info: Redefining \smash on input line 940.
LaTeX Info: Redefining \relbar on input line 970.
LaTeX Info: Redefining \Relbar on input line 971.
\c@MaxMatrixCols=\count283
\dotsspace@=\muskip16
\c@parentequation=\count284
\dspbrk@lvl=\count285
\tag@help=\toks25
\row@=\count286
\column@=\count287
\maxfields@=\count288
\andhelp@=\toks26
\eqnshift@=\dimen162
\alignsep@=\dimen163
\tagshift@=\dimen164
\tagwidth@=\dimen165
\totwidth@=\dimen166
\lineht@=\dimen167
\@envbody=\toks27
\multlinegap=\skip59
\multlinetaggap=\skip60
\mathdisplay@stack=\toks28
LaTeX Info: Redefining \[ on input line 2953.
LaTeX Info: Redefining \] on input line 2954.
) (/usr/share/texlive/texmf-dist/tex/latex/hyperref/hyperref.sty
Package: hyperref 2023-05-16 v7.00y Hypertext links for LaTeX
 (/usr/share/texlive/texmf-dist/tex/generic/ltxcmds/ltxcmds.sty
Package: ltxcmds 2020-05-10 v1.25 LaTeX kernel commands for general use (HO)
) (/usr/share/texlive/texmf-dist/tex/generic/pdftexcmds/pdftexcmds.sty
Package: pdftexcmds 2020-06-27 v0.33 Utility functions of pdfTeX for LuaTeX (HO)
 (/usr/share/texlive/texmf-dist/tex/generic/infwarerr/infwarerr.sty
Package: infwarerr 2019/12/03 v1.5 Providing info/warning/error messages (HO)
)
Package pdftexcmds Info: \pdf@primitive is available.
Package pdftexcmds Info: \pdf@ifprimitive is available.
Package pdftexcmds Info: \pdfdraftmode found.
) (/usr/share/texlive/texmf-dist/tex/latex/kvsetkeys/kvsetkeys.sty
Package: kvsetkeys 2022-10-05 v1.19 Key value parser (HO)
) (/usr/share/texlive/texmf-dist/tex/generic/kvdefinekeys/kvdefinekeys.sty
Package: kvdefinekeys 2019-12-19 v1.6 Define keys (HO)
) (/usr/share/texlive/texmf-dist/tex/generic/pdfescape/pdfescape.sty
Package: pdfescape 2019/12/09 v1.15 Implements pdfTeX's escape features (HO)
) (/usr/share/texlive/texmf-dist/tex/latex/hycolor/hycolor.sty
Package: hycolor 2020-01-27 v1.10 Color options for hyperref/bookmark (HO)
) (/usr/share/texlive/texmf-dist/tex/latex/letltxmacro/letltxmacro.sty
Package: letltxmacro 2019/12/03 v1.6 Let assignment for LaTeX macros (HO)
) (/usr/share/texlive/texmf-dist/tex/latex/auxhook/auxhook.sty
Package: auxhook 2019-12-17 v1.6 Hooks for auxiliary files (HO)
) (/usr/share/texlive/texmf-dist/tex/latex/hyperref/nameref.sty
Package: nameref 2023-05-16 v2.51 Cross-referencing by name of section
 (/usr/share/texlive/texmf-dist/tex/latex/refcount/refcount.sty
Package: refcount 2019/12/15 v3.6 Data extraction from label references (HO)
) (/usr/share/texlive/texmf-dist/tex/generic/gettitlestring/gettitlestring.sty
Package: gettitlestring 2019/12/15 v1.6 Cleanup title references (HO)
 (/usr/share/texlive/texmf-dist/tex/latex/kvoptions/kvoptions.sty
Package: kvoptions 2022-06-15 v3.15 Key value format for package options (HO)
))
\c@section@level=\count289
) (/usr/share/texlive/texmf-dist/tex/latex/etoolbox/etoolbox.sty
Package: etoolbox 2020/10/05 v2.5k e-TeX tools for LaTeX (JAW)
\etb@tempcnta=\count290
)
\@linkdim=\dimen168
\Hy@linkcounter=\count291
\Hy@pagecounter=\count292
 (/usr/share/texlive/texmf-dist/tex/latex/hyperref/pd1enc.def
File: pd1enc.def 2023-05-16 v7.00y Hyperref: PDFDocEncoding definition (HO)
Now handling font encoding PD1 ...
... no UTF-8 mapping file for font encoding PD1
) (/usr/share/texlive/texmf-dist/tex/generic/intcalc/intcalc.sty
Package: intcalc 2019/12/15 v1.3 Expandable calculations with integers (HO)
)
\Hy@SavedSpaceFactor=\count293
 (/usr/share/texlive/texmf-dist/tex/latex/hyperref/puenc.def
File: puenc.def 2023-05-16 v7.00y Hyperref: PDF Unicode definition (HO)
Now handling font encoding PU ...
... no UTF-8 mapping file for font encoding PU
)
Package hyperref Info: Hyper figures OFF on input line 4167.
Package hyperref Info: Link nesting OFF on input line 4172.
Package hyperref Info: Hyper index ON on input line 4175.
Package hyperref Info: Plain pages OFF on input line 4182.
Package hyperref Info: Backreferencing OFF on input line 4187.
Package hyperref Info: Implicit mode ON; LaTeX internals redefined.
Package hyperref Info: Bookmarks ON on input line 4434.
\c@Hy@tempcnt=\count294
 (/usr/share/texlive/texmf-dist/tex/latex/url/url.sty
\Urlmuskip=\muskip17
Package: url 2013/09/16  ver 3.4  Verb mode for urls, etc.
)
LaTeX Info: Redefining \url on input line 4772.
\XeTeXLinkMargin=\dimen169
 (/usr/share/texlive/texmf-dist/tex/generic/bitset/bitset.sty
Package: bitset 2019/12/09 v1.3 Handle bit-vector datatype (HO)
 (/usr/share/texlive/texmf-dist/tex/generic/bigintcalc/bigintcalc.sty
Package: bigintcalc 2019/12/15 v1.5 Expandable calculations on big integers (HO)
))
\Fld@menulength=\count295
\Field@Width=\dimen170
\Fld@charsize=\dimen171
Package hyperref Info: Hyper figures OFF on input line 6051.
Package hyperref Info: Link nesting OFF on input line 6056.
Package hyperref Info: Hyper index ON on input line 6059.
Package hyperref Info: backreferencing OFF on input line 6066.
Package hyperref Info: Link coloring OFF on input line 6071.
Package hyperref Info: Link coloring with OCG OFF on input line 6076.
Package hyperref Info: PDF/A mode OFF on input line 6081.
 (/usr/share/texlive/texmf-dist/tex/latex/base/atbegshi-ltx.sty
Package: atbegshi-ltx 2021/01/10 v1.0c Emulation of the original atbegshi
package with kernel methods
)
\Hy@abspage=\count296
\c@Item=\count297
\c@Hfootnote=\count298
)
Package hyperref Info: Driver (autodetected): hpdftex.
 (/usr/share/texlive/texmf-dist/tex/latex/hyperref/hpdftex.def
File: hpdftex.def 2023-05-16 v7.00y Hyperref driver for pdfTeX
 (/usr/share/texlive/texmf-dist/tex/latex/base/atveryend-ltx.sty
Package: atveryend-ltx 2020/08/19 v1.0a Emulation of the original atveryend package
with kernel methods
)
\Fld@listcount=\count299
\c@bookmark@seq@number=\count300
 (/usr/share/texlive/texmf-dist/tex/latex/rerunfilecheck/rerunfilecheck.sty
Package: rerunfilecheck 2022-07-10 v1.10 Rerun checks for auxiliary files (HO)
 (/usr/share/texlive/texmf-dist/tex/generic/uniquecounter/uniquecounter.sty
Package: uniquecounter 2019/12/15 v1.4 Provide unlimited unique counter (HO)
)
Package uniquecounter Info: New unique counter `rerunfilecheck' on input line 285.
)
\Hy@SectionHShift=\skip61
) (/usr/share/texlive/texmf-dist/tex/latex/enumitem/enumitem.sty
Package: enumitem 2019/06/20 v3.9 Customized lists
\labelindent=\skip62
\enit@outerparindent=\dimen172
\enit@toks=\toks29
\enit@inbox=\box56
\enit@count@id=\count301
\enitdp@description=\count302
) (/usr/share/texlive/texmf-dist/tex/latex/graphics/graphicx.sty
Package: graphicx 2021/09/16 v1.2d Enhanced LaTeX Graphics (DPC,SPQR)
 (/usr/share/texlive/texmf-dist/tex/latex/graphics/graphics.sty
Package: graphics 2022/03/10 v1.4e Standard LaTeX Graphics (DPC,SPQR)
 (/usr/share/texlive/texmf-dist/tex/latex/graphics/trig.sty
Package: trig 2021/08/11 v1.11 sin cos tan (DPC)
) (/usr/share/texlive/texmf-dist/tex/latex/graphics-cfg/graphics.cfg
File: graphics.cfg 2016/06/04 v1.11 sample graphics configuration
)
Package graphics Info: Driver file: pdftex.def on input line 107.
)
\Gin@req@height=\dimen173
\Gin@req@width=\dimen174
) (/usr/share/texlive/texmf-dist/tex/latex/fancyhdr/fancyhdr.sty
Package: fancyhdr 2022/11/09 v4.1 Extensive control of page headers and footers
\f@nch@headwidth=\skip63
\f@nch@O@elh=\skip64
\f@nch@O@erh=\skip65
\f@nch@O@olh=\skip66
\f@nch@O@orh=\skip67
\f@nch@O@elf=\skip68
\f@nch@O@erf=\skip69
\f@nch@O@olf=\skip70
\f@nch@O@orf=\skip71
) (/usr/share/texlive/texmf-dist/tex/latex/lastpage/lastpage.sty
Package: lastpage 2023/04/12 v2.0b lastpage: 2.09 or 2e? (HMM)
 (/usr/share/texlive/texmf-dist/tex/latex/lastpage/lastpage2e.sty
Package: lastpage2e 2023/04/12 v2.0b Decide which 2e lastpage version to use (HMM)
 (/usr/share/texlive/texmf-dist/tex/latex/lastpage/lastpagemodern.sty
Package: lastpagemodern 2023-04-12 v2.0b Refers to last page's name (HMM; JPG)
) 
)) (/usr/share/texlive/texmf-dist/tex/latex/caption/caption.sty
Package: caption 2023/03/12 v3.6j Customizing captions (AR)
 (/usr/share/texlive/texmf-dist/tex/latex/caption/caption3.sty
Package: caption3 2023/03/12 v2.4 caption3 kernel (AR)
\caption@tempdima=\dimen175
\captionmargin=\dimen176
\caption@leftmargin=\dimen177
\caption@rightmargin=\dimen178
\caption@width=\dimen179
\caption@indent=\dimen180
\caption@parindent=\dimen181
\caption@hangindent=\dimen182
Package caption Info: Standard document class detected.
)
\c@caption@flags=\count303
\c@continuedfloat=\count304
Package caption Info: changepage package is loaded.
\caption@adjustwidth@hsize=\dimen183
\caption@adjustwidth@linewidth=\dimen184
Package caption Info: hyperref package is loaded.
Package caption Info: listings package is loaded.
) (/usr/share/texlive/texmf-dist/tex/latex/tocloft/tocloft.sty
Package: tocloft 2017/08/31 v2.3i parameterised ToC, etc., typesetting
Package tocloft Info: The document has section divisions on input line 51.
\cftparskip=\skip72
\cftbeforetoctitleskip=\skip73
\cftaftertoctitleskip=\skip74
\cftbeforepartskip=\skip75
\cftpartnumwidth=\skip76
\cftpartindent=\skip77
\cftbeforesecskip=\skip78
\cftsecindent=\skip79
\cftsecnumwidth=\skip80
\cftbeforesubsecskip=\skip81
\cftsubsecindent=\skip82
\cftsubsecnumwidth=\skip83
\cftbeforesubsubsecskip=\skip84
\cftsubsubsecindent=\skip85
\cftsubsubsecnumwidth=\skip86
\cftbeforeparaskip=\skip87
\cftparaindent=\skip88
\cftparanumwidth=\skip89
\cftbeforesubparaskip=\skip90
\cftsubparaindent=\skip91
\cftsubparanumwidth=\skip92
\cftbeforeloftitleskip=\skip93
\cftafterloftitleskip=\skip94
\cftbeforefigskip=\skip95
\cftfigindent=\skip96
\cftfignumwidth=\skip97
\c@lofdepth=\count305
\c@lotdepth=\count306
\cftbeforelottitleskip=\skip98
\cftafterlottitleskip=\skip99
\cftbeforetabskip=\skip100
\cfttabindent=\skip101
\cfttabnumwidth=\skip102
) (/usr/share/texlive/texmf-dist/tex/latex/setspace/setspace.sty
Package: setspace 2022/12/04 v6.7b set line spacing
) (/usr/share/texlive/texmf-dist/tex/latex/multirow/multirow.sty
Package: multirow 2021/03/15 v2.8 Span multiple rows of a table
\multirow@colwidth=\skip103
\multirow@cntb=\count307
\multirow@dima=\skip104
\bigstrutjot=\dimen185
) (/usr/share/texlive/texmf-dist/tex/latex/float/float.sty
Package: float 2001/11/08 v1.3d Float enhancements (AL)
\c@float@type=\count308
\float@exts=\toks30
\float@box=\box57
\@float@everytoks=\toks31
\@floatcapt=\box58
) (/usr/share/texlive/texmf-dist/tex/latex/comment/comment.sty
\CommentStream=\write3
 Excluding comment 'comment') (/usr/share/texlive/texmf-dist/tex/latex/booktabs/booktabs.sty
Package: booktabs 2020/01/12 v1.61803398 Publication quality tables
\heavyrulewidth=\dimen186
\lightrulewidth=\dimen187
\cmidrulewidth=\dimen188
\belowrulesep=\dimen189
\belowbottomsep=\dimen190
\aboverulesep=\dimen191
\abovetopsep=\dimen192
\cmidrulesep=\dimen193
\cmidrulekern=\dimen194
\defaultaddspace=\dimen195
\@cmidla=\count309
\@cmidlb=\count310
\@aboverulesep=\dimen196
\@belowrulesep=\dimen197
\@thisruleclass=\count311
\@lastruleclass=\count312
\@thisrulewidth=\dimen198
) (/usr/share/texlive/texmf-dist/tex/latex/tools/indentfirst.sty
Package: indentfirst 1995/11/23 v1.03 Indent first paragraph (DPC)
) (/usr/share/texlive/texmf-dist/tex/latex/graphics/lscape.sty
Package: lscape 2020/05/28 v3.02 Landscape Pages (DPC)
) (/usr/share/texlive/texmf-dist/tex/latex/threeparttable/threeparttable.sty
Package: threeparttable 2003/06/13  v 3.0
\@tempboxb=\box59
) (/usr/share/texlive/texmf-dist/tex/latex/nomencl/nomencl.sty
Package: nomencl 2021/11/10 v5.6 Nomenclature package
 (/usr/share/texlive/texmf-dist/tex/latex/xkeyval/xkeyval.sty
Package: xkeyval 2022/06/16 v2.9 package option processing (HA)
 (/usr/share/texlive/texmf-dist/tex/generic/xkeyval/xkeyval.tex (/usr/share/texlive/texmf-dist/tex/generic/xkeyval/xkvutils.tex
\XKV@toks=\toks32
\XKV@tempa@toks=\toks33
)
\XKV@depth=\count313
File: xkeyval.tex 2014/12/03 v2.7a key=value parser (HA)
)) (/usr/share/texlive/texmf-dist/tex/latex/base/ifthen.sty
Package: ifthen 2022/04/13 v1.1d Standard LaTeX ifthen package (DPC)
) (/usr/share/texlive/texmf-dist/tex/latex/koma-script/tocbasic.sty
Package: tocbasic 2023/04/24 v3.40 KOMA-Script package (handling toc-files)
 (/usr/share/texlive/texmf-dist/tex/latex/koma-script/scrbase.sty
Package: scrbase 2023/04/24 v3.40 KOMA-Script package (KOMA-Script-independent basics and keyval usage)
 (/usr/share/texlive/texmf-dist/tex/latex/koma-script/scrlfile.sty
Package: scrlfile 2023/04/24 v3.40 KOMA-Script package (file load hooks)
 (/usr/share/texlive/texmf-dist/tex/latex/koma-script/scrlfile-hook.sty
Package: scrlfile-hook 2023/04/24 v3.40 KOMA-Script package (using LaTeX hooks)
 (/usr/share/texlive/texmf-dist/tex/latex/koma-script/scrlogo.sty
Package: scrlogo 2023/04/24 v3.40 KOMA-Script package (logo)
)))
Applying: [2021/05/01] Usage of raw or classic option list on input line 252.
Already applied: [0000/00/00] Usage of raw or classic option list on input line 368.
)
\scr@dte@tocline@numberwidth=\skip105
\scr@dte@tocline@numbox=\box60
)
Package tocbasic Info: setting babel extension for `nlo' on input line 187.
Package tocbasic Info: setting babel extension for `nls' on input line 188.
\nomlabelwidth=\dimen199
\nom@tempdim=\dimen256
\nomitemsep=\skip106
) (/usr/share/texlive/texmf-dist/tex/latex/lipsum/lipsum.sty (/usr/share/texlive/texmf-dist/tex/latex/l3packages/l3keys2e/l3keys2e.sty (/usr/share/texlive/texmf-dist/tex/latex/l3kernel/expl3.sty
Package: expl3 2023-06-05 L3 programming layer (loader) 
 (/usr/share/texlive/texmf-dist/tex/latex/l3backend/l3backend-pdftex.def
File: l3backend-pdftex.def 2023-04-19 L3 backend support: PDF output (pdfTeX)
\l__color_backend_stack_int=\count314
\l__pdf_internal_box=\box61
))
Package: l3keys2e 2023-02-02 LaTeX2e option processing using LaTeX3 keys
)
Package: lipsum 2021-09-20 v2.7 150 paragraphs of Lorem Ipsum dummy text
\g__lipsum_par_int=\count315
\l__lipsum_a_int=\count316
\l__lipsum_b_int=\count317
 (/usr/share/texlive/texmf-dist/tex/latex/lipsum/lipsum.ltd.tex)) (/usr/share/texlive/texmf-dist/tex/latex/datetime2/datetime2.sty
Package: datetime2 2021/03/21 v1.5.7 (NLCT) date and time formats
 (/usr/share/texlive/texmf-dist/tex/latex/tracklang/tracklang.sty
Package: tracklang 2022/12/13 v1.6.1 (NLCT) Track Languages
 (/usr/share/texlive/texmf-dist/tex/generic/tracklang/tracklang.tex)) (/usr/share/texlive/texmf-dist/tex/latex/datetime2-english/datetime2-english.ldf
File: datetime2-english.ldf 2019/10/21 v1.05 (NLCT)
 (/usr/share/texlive/texmf-dist/tex/latex/datetime2-english/datetime2-english-base.ldf
File: datetime2-english-base.ldf 2019/10/21 v1.05 (NLCT)
))) (/usr/share/texlive/texmf-dist/tex/latex/natbib/natbib.sty
Package: natbib 2010/09/13 8.31b (PWD, AO)
\bibhang=\skip107
\bibsep=\skip108
LaTeX Info: Redefining \cite on input line 694.
\c@NAT@ctr=\count318
) (/usr/share/texlive/texmf-dist/tex/latex/tools/tabularx.sty
Package: tabularx 2020/01/15 v2.11c `tabularx' package (DPC)
 (/usr/share/texlive/texmf-dist/tex/latex/tools/array.sty
Package: array 2022/09/04 v2.5g Tabular extension package (FMi)
\col@sep=\dimen257
\ar@mcellbox=\box62
\extrarowheight=\dimen258
\NC@list=\toks34
\extratabsurround=\skip109
\backup@length=\skip110
\ar@cellbox=\box63
)
\TX@col@width=\dimen259
\TX@old@table=\dimen260
\TX@old@col=\dimen261
\TX@target=\dimen262
\TX@delta=\dimen263
\TX@cols=\count319
\TX@ftn=\toks35
) (/usr/share/texlive/texmf-dist/tex/latex/pdfpages/pdfpages.sty
Package: pdfpages 2022/12/19 v0.5x Insert pages of external PDF documents (AM)
 (/usr/share/texlive/texmf-dist/tex/latex/tools/calc.sty
Package: calc 2017/05/25 v4.3 Infix arithmetic (KKT,FJ)
\calc@Acount=\count320
\calc@Bcount=\count321
\calc@Adimen=\dimen264
\calc@Bdimen=\dimen265
\calc@Askip=\skip111
\calc@Bskip=\skip112
LaTeX Info: Redefining \setlength on input line 80.
LaTeX Info: Redefining \addtolength on input line 81.
\calc@Ccount=\count322
\calc@Cskip=\skip113
) (/usr/share/texlive/texmf-dist/tex/latex/eso-pic/eso-pic.sty
Package: eso-pic 2023/05/03 v3.0c eso-pic (RN)
\ESO@tempdima=\dimen266
\ESO@tempdimb=\dimen267
)
\AM@pagewidth=\dimen268
\AM@pageheight=\dimen269
\AM@fboxrule=\dimen270
 (/usr/share/texlive/texmf-dist/tex/latex/pdfpages/pppdftex.def
File: pppdftex.def 2022/12/19 v0.5x Pdfpages driver for pdfTeX (AM)
)
\pdfpages@includegraphics@status=\count323
\AM@pagebox=\box64
\AM@global@opts=\toks36
\AM@pagecnt=\count324
\AM@toc@title=\toks37
\AM@lof@heading=\toks38
\c@AM@survey=\count325
\AM@templatesizebox=\box65
) (/usr/share/texlive/texmf-dist/tex/latex/listings/lstlang1.sty
File: lstlang1.sty 2023/02/27 1.9 listings language file
)
\c@stepsi=\count326
\enitdp@steps=\count327
LaTeX Font Info:    Trying to load font information for T1+ptm on input line 93.
 (/usr/share/texlive/texmf-dist/tex/latex/psnfss/t1ptm.fd
File: t1ptm.fd 2001/06/04 font definitions for T1/ptm.
) (./main.aux)
\openout1 = `main.aux'.

LaTeX Font Info:    Checking defaults for OML/cmm/m/it on input line 93.
LaTeX Font Info:    ... okay on input line 93.
LaTeX Font Info:    Checking defaults for OMS/cmsy/m/n on input line 93.
LaTeX Font Info:    ... okay on input line 93.
LaTeX Font Info:    Checking defaults for OT1/cmr/m/n on input line 93.
LaTeX Font Info:    ... okay on input line 93.
LaTeX Font Info:    Checking defaults for T1/cmr/m/n on input line 93.
LaTeX Font Info:    ... okay on input line 93.
LaTeX Font Info:    Checking defaults for TS1/cmr/m/n on input line 93.
LaTeX Font Info:    ... okay on input line 93.
LaTeX Font Info:    Checking defaults for OMX/cmex/m/n on input line 93.
LaTeX Font Info:    ... okay on input line 93.
LaTeX Font Info:    Checking defaults for U/cmr/m/n on input line 93.
LaTeX Font Info:    ... okay on input line 93.
LaTeX Font Info:    Checking defaults for PD1/pdf/m/n on input line 93.
LaTeX Font Info:    ... okay on input line 93.
LaTeX Font Info:    Checking defaults for PU/pdf/m/n on input line 93.
LaTeX Font Info:    ... okay on input line 93.

*geometry* driver: auto-detecting
*geometry* detected driver: pdftex
*geometry* verbose mode - [ preamble ] result:
* driver: pdftex
* paper: letterpaper
* layout: <same size as paper>
* layoutoffset:(h,v)=(0.0pt,0.0pt)
* modes: includehead includefoot 
* h-part:(L,W,R)=(64.01869pt, 486.25761pt, 64.01869pt)
* v-part:(T,H,B)=(64.01869pt, 666.9326pt, 64.01869pt)
* \paperwidth=614.295pt
* \paperheight=794.96999pt
* \textwidth=486.25761pt
* \textheight=585.9326pt
* \oddsidemargin=-8.2513pt
* \evensidemargin=-8.2513pt
* \topmargin=-8.2513pt
* \headheight=16.0pt
* \headsep=25.0pt
* \topskip=12.0pt
* \footskip=50.0pt
* \marginparwidth=44.0pt
* \marginparsep=10.0pt
* \columnsep=10.0pt
* \skip\footins=10.8pt plus 4.0pt minus 2.0pt
* \hoffset=0.0pt
* \voffset=0.0pt
* \mag=1000
* \@twocolumnfalse
* \@twosidefalse
* \@mparswitchfalse
* \@reversemarginfalse
* (1in=72.27pt=25.4mm, 1cm=28.453pt)

\c@lstlisting=\count328
(/usr/share/texlive/texmf-dist/tex/context/base/mkii/supp-pdf.mkii
[Loading MPS to PDF converter (version 2006.09.02).]
\scratchcounter=\count329
\scratchdimen=\dimen271
\scratchbox=\box66
\nofMPsegments=\count330
\nofMParguments=\count331
\everyMPshowfont=\toks39
\MPscratchCnt=\count332
\MPscratchDim=\dimen272
\MPnumerator=\count333
\makeMPintoPDFobject=\count334
\everyMPtoPDFconversion=\toks40
) (/usr/share/texlive/texmf-dist/tex/latex/epstopdf-pkg/epstopdf-base.sty
Package: epstopdf-base 2020-01-24 v2.11 Base part for package epstopdf
Package epstopdf-base Info: Redefining graphics rule for `.eps' on input line 485.
 (/usr/share/texlive/texmf-dist/tex/latex/latexconfig/epstopdf-sys.cfg
File: epstopdf-sys.cfg 2010/07/13 v1.3 Configuration of (r)epstopdf for TeX Live
))
Package hyperref Info: Link coloring OFF on input line 93.
 (./main.out) (./main.out)
\@outlinefile=\write4
\openout4 = `main.out'.

Package caption Info: Begin \AtBeginDocument code.
Package caption Info: float package is loaded.
Package caption Info: threeparttable package is loaded.
Package caption Info: End \AtBeginDocument code.
 (/usr/share/texlive/texmf-dist/tex/latex/pdflscape/pdflscape.sty
Package: pdflscape 2022-10-27 v0.13 Display of landscape pages in PDF
 (/usr/share/texlive/texmf-dist/tex/latex/pdflscape/pdflscape-nometadata.sty
Package: pdflscape-nometadata 2022-10-28 v0.13 Display of landscape pages in PDF (HO)
Package pdflscape Info: Auto-detected driver: pdftex on input line 81.
)) (./sources/0_frontpage.tex
<figures/udeslog.png, id=69, 1284.8pt x 205.76875pt>
File: figures/udeslog.png Graphic file (type png)
<use figures/udeslog.png>
Package pdftex.def Info: figures/udeslog.png  used on input line 6.
(pdftex.def)             Requested size: 194.50008pt x 31.14969pt.
 [1

{/var/lib/texmf/fonts/map/pdftex/updmap/pdftex.map}{/usr/share/texlive/texmf-dist/fonts/enc/dvips/base/8r.enc} <./figures/udeslog.png>]) (./main.toc)
\tf@toc=\write5
\openout5 = `main.toc'.

<figures/241208906_10159878130857049_3729368319539169165_n.png, id=96, 1204.5pt x 1204.5pt>
File: figures/241208906_10159878130857049_3729368319539169165_n.png Graphic file (type png)
<use figures/241208906_10159878130857049_3729368319539169165_n.png>
Package pdftex.def Info: figures/241208906_10159878130857049_3729368319539169165_n.png  used on input line 106.
(pdftex.def)             Requested size: 19.90463pt x 19.91684pt.

pdfTeX warning (ext4): destination with the same identifier (name{page.i}) has been already used, duplicate ignored
<to be read again> 
                   \relax 
l.106 \newpage
               [1 <./figures/241208906_10159878130857049_3729368319539169165_n.png (PNG copy)>] (./sources/1_description.tex
<figures/overview_spFam_methods.png, id=121, 870.25125pt x 1040.88875pt>
File: figures/overview_spFam_methods.png Graphic file (type png)
<use figures/overview_spFam_methods.png>
Package pdftex.def Info: figures/overview_spFam_methods.png  used on input line 42.
(pdftex.def)             Requested size: 145.87875pt x 174.47105pt.
)
File: figures/241208906_10159878130857049_3729368319539169165_n.png Graphic file (type png)
<use figures/241208906_10159878130857049_3729368319539169165_n.png>
Package pdftex.def Info: figures/241208906_10159878130857049_3729368319539169165_n.png  used on input line 113.
(pdftex.def)             Requested size: 19.90463pt x 19.91684pt.
 [1]
File: figures/241208906_10159878130857049_3729368319539169165_n.png Graphic file (type png)
<use figures/241208906_10159878130857049_3729368319539169165_n.png>
Package pdftex.def Info: figures/241208906_10159878130857049_3729368319539169165_n.png  used on input line 128.
(pdftex.def)             Requested size: 19.90463pt x 19.91684pt.
 [2 <./figures/overview_spFam_methods.png>]
LaTeX Font Info:    Trying to load font information for TS1+ptm on input line 130.
 (/usr/share/texlive/texmf-dist/tex/latex/psnfss/ts1ptm.fd
File: ts1ptm.fd 2001/06/04 font definitions for TS1/ptm.
)
File: figures/241208906_10159878130857049_3729368319539169165_n.png Graphic file (type png)
<use figures/241208906_10159878130857049_3729368319539169165_n.png>
Package pdftex.def Info: figures/241208906_10159878130857049_3729368319539169165_n.png  used on input line 164.
(pdftex.def)             Requested size: 19.90463pt x 19.91684pt.
 [3]
File: figures/241208906_10159878130857049_3729368319539169165_n.png Graphic file (type png)
<use figures/241208906_10159878130857049_3729368319539169165_n.png>
Package pdftex.def Info: figures/241208906_10159878130857049_3729368319539169165_n.png  used on input line 209.
(pdftex.def)             Requested size: 19.90463pt x 19.91684pt.
 [4]
Underfull \hbox (badness 10000) in paragraph at lines 239--242

 []


Underfull \hbox (badness 10000) in paragraph at lines 243--251

 []

File: figures/241208906_10159878130857049_3729368319539169165_n.png Graphic file (type png)
<use figures/241208906_10159878130857049_3729368319539169165_n.png>
Package pdftex.def Info: figures/241208906_10159878130857049_3729368319539169165_n.png  used on input line 251.
(pdftex.def)             Requested size: 19.90463pt x 19.91684pt.
[5]
Underfull \hbox (badness 2205) in paragraph at lines 280--280
[]|\T1/ptm/m/n/12 No. of
 []


Underfull \hbox (badness 10000) in paragraph at lines 280--280
\T1/ptm/m/n/12 to-tal
 []


Underfull \hbox (badness 10000) in paragraph at lines 280--280
\T1/ptm/m/n/12 CDS
 []


Underfull \hbox (badness 2205) in paragraph at lines 280--280
[]|\T1/ptm/m/n/12 No. of
 []

File: figures/241208906_10159878130857049_3729368319539169165_n.png Graphic file (type png)
<use figures/241208906_10159878130857049_3729368319539169165_n.png>
Package pdftex.def Info: figures/241208906_10159878130857049_3729368319539169165_n.png  used on input line 296.
(pdftex.def)             Requested size: 19.90463pt x 19.91684pt.
[6]
Underfull \hbox (badness 10000) in paragraph at lines 326--330

 []

File: figures/241208906_10159878130857049_3729368319539169165_n.png Graphic file (type png)
<use figures/241208906_10159878130857049_3729368319539169165_n.png>
Package pdftex.def Info: figures/241208906_10159878130857049_3729368319539169165_n.png  used on input line 343.
(pdftex.def)             Requested size: 19.90463pt x 19.91684pt.
[7]
File: figures/241208906_10159878130857049_3729368319539169165_n.png Graphic file (type png)
<use figures/241208906_10159878130857049_3729368319539169165_n.png>
Package pdftex.def Info: figures/241208906_10159878130857049_3729368319539169165_n.png  used on input line 360.
(pdftex.def)             Requested size: 19.90463pt x 19.91684pt.
 [8] (./main.lof)
\tf@lof=\write6
\openout6 = `main.lof'.

 [1] (./main.lot)
\tf@lot=\write7
\openout7 = `main.lot'.


pdfTeX warning (ext4): destination with the same identifier (name{page.}) has been already used, duplicate ignored
<to be read again> 
                   \relax 
l.373 \newpage
               [2] (./main.bbl

LaTeX Warning: Reference `endOfDoc' on page  undefined on input line 86.

File: figures/241208906_10159878130857049_3729368319539169165_n.png Graphic file (type png)
<use figures/241208906_10159878130857049_3729368319539169165_n.png>
Package pdftex.def Info: figures/241208906_10159878130857049_3729368319539169165_n.png  used on input line 86.
(pdftex.def)             Requested size: 19.90463pt x 19.91684pt.

pdfTeX warning (ext4): destination with the same identifier (name{page.}) has been already used, duplicate ignored
<to be read again> 
                   \relax 
l.86 ...dame, Higgins, and Heringa]{notredame2000}
                                                   [1])

LaTeX Warning: Reference `endOfDoc' on page  undefined on input line 381.

File: figures/241208906_10159878130857049_3729368319539169165_n.png Graphic file (type png)
<use figures/241208906_10159878130857049_3729368319539169165_n.png>
Package pdftex.def Info: figures/241208906_10159878130857049_3729368319539169165_n.png  used on input line 381.
(pdftex.def)             Requested size: 19.90463pt x 19.91684pt.

pdfTeX warning (ext4): destination with the same identifier (name{page.}) has been already used, duplicate ignored
<to be read again> 
                   \relax 
l.381 \newpage
               [2]
<sources/appendix2a.pdf, id=252, 614.295pt x 794.97pt>
File: sources/appendix2a.pdf Graphic file (type pdf)
<use sources/appendix2a.pdf>
Package pdftex.def Info: sources/appendix2a.pdf  used on input line 382.
(pdftex.def)             Requested size: 614.29349pt x 794.96806pt.
File: sources/appendix2a.pdf Graphic file (type pdf)
<use sources/appendix2a.pdf>
Package pdftex.def Info: sources/appendix2a.pdf  used on input line 382.
(pdftex.def)             Requested size: 614.29349pt x 794.96806pt.
<sources/appendix2a.pdf, id=255, page=1, 614.295pt x 794.97pt>
File: sources/appendix2a.pdf Graphic file (type pdf)
<use sources/appendix2a.pdf, page 1>
Package pdftex.def Info: sources/appendix2a.pdf , page1 used on input line 382.
(pdftex.def)             Requested size: 614.29349pt x 794.96806pt.
File: sources/appendix2a.pdf Graphic file (type pdf)
<use sources/appendix2a.pdf, page 1>
Package pdftex.def Info: sources/appendix2a.pdf , page1 used on input line 382.
(pdftex.def)             Requested size: 614.58406pt x 795.3441pt.
File: sources/appendix2a.pdf Graphic file (type pdf)
<use sources/appendix2a.pdf, page 1>
Package pdftex.def Info: sources/appendix2a.pdf , page1 used on input line 382.
(pdftex.def)             Requested size: 614.58406pt x 795.3441pt.
File: sources/appendix2a.pdf Graphic file (type pdf)
<use sources/appendix2a.pdf, page 1>
Package pdftex.def Info: sources/appendix2a.pdf , page1 used on input line 382.
(pdftex.def)             Requested size: 614.58406pt x 795.3441pt.

pdfTeX warning (ext4): destination with the same identifier (name{page.}) has been already used, duplicate ignored
<to be read again> 
                   \relax 
l.382 \includepdf[pages=-]{sources/appendix2a.pdf}
                                                  
File: sources/appendix2a.pdf Graphic file (type pdf)
<use sources/appendix2a.pdf, page 1>
Package pdftex.def Info: sources/appendix2a.pdf , page1 used on input line 382.
(pdftex.def)             Requested size: 614.58406pt x 795.3441pt.
 [3 <./sources/appendix2a.pdf>]
<sources/appendix2a.pdf, id=285, page=2, 614.295pt x 794.97pt>
File: sources/appendix2a.pdf Graphic file (type pdf)
<use sources/appendix2a.pdf, page 2>
Package pdftex.def Info: sources/appendix2a.pdf , page2 used on input line 382.
(pdftex.def)             Requested size: 614.58406pt x 795.3441pt.
File: sources/appendix2a.pdf Graphic file (type pdf)
<use sources/appendix2a.pdf, page 2>
Package pdftex.def Info: sources/appendix2a.pdf , page2 used on input line 382.
(pdftex.def)             Requested size: 614.58406pt x 795.3441pt.

pdfTeX warning (ext4): destination with the same identifier (name{page.}) has been already used, duplicate ignored
<to be read again> 
                   \relax 
l.382 \includepdf[pages=-]{sources/appendix2a.pdf}
                                                  
File: sources/appendix2a.pdf Graphic file (type pdf)
<use sources/appendix2a.pdf, page 2>
Package pdftex.def Info: sources/appendix2a.pdf , page2 used on input line 382.
(pdftex.def)             Requested size: 614.58406pt x 795.3441pt.
 [4 <./sources/appendix2a.pdf>]
<sources/appendix2a.pdf, id=313, page=3, 614.295pt x 794.97pt>
File: sources/appendix2a.pdf Graphic file (type pdf)
<use sources/appendix2a.pdf, page 3>
Package pdftex.def Info: sources/appendix2a.pdf , page3 used on input line 382.
(pdftex.def)             Requested size: 614.58406pt x 795.3441pt.
File: sources/appendix2a.pdf Graphic file (type pdf)
<use sources/appendix2a.pdf, page 3>
Package pdftex.def Info: sources/appendix2a.pdf , page3 used on input line 382.
(pdftex.def)             Requested size: 614.58406pt x 795.3441pt.

pdfTeX warning (ext4): destination with the same identifier (name{page.}) has been already used, duplicate ignored
<to be read again> 
                   \relax 
l.382 \includepdf[pages=-]{sources/appendix2a.pdf}
                                                  
File: sources/appendix2a.pdf Graphic file (type pdf)
<use sources/appendix2a.pdf, page 3>
Package pdftex.def Info: sources/appendix2a.pdf , page3 used on input line 382.
(pdftex.def)             Requested size: 614.58406pt x 795.3441pt.
 [5 <./sources/appendix2a.pdf>]
<sources/appendix2a.pdf, id=323, page=4, 614.295pt x 794.97pt>
File: sources/appendix2a.pdf Graphic file (type pdf)
<use sources/appendix2a.pdf, page 4>
Package pdftex.def Info: sources/appendix2a.pdf , page4 used on input line 382.
(pdftex.def)             Requested size: 614.58406pt x 795.3441pt.
File: sources/appendix2a.pdf Graphic file (type pdf)
<use sources/appendix2a.pdf, page 4>
Package pdftex.def Info: sources/appendix2a.pdf , page4 used on input line 382.
(pdftex.def)             Requested size: 614.58406pt x 795.3441pt.

pdfTeX warning (ext4): destination with the same identifier (name{page.}) has been already used, duplicate ignored
<to be read again> 
                   \relax 
l.382 \includepdf[pages=-]{sources/appendix2a.pdf}
                                                  
File: sources/appendix2a.pdf Graphic file (type pdf)
<use sources/appendix2a.pdf, page 4>
Package pdftex.def Info: sources/appendix2a.pdf , page4 used on input line 382.
(pdftex.def)             Requested size: 614.58406pt x 795.3441pt.
 [6 <./sources/appendix2a.pdf>]
<sources/appendix2a.pdf, id=327, page=5, 614.295pt x 794.97pt>
File: sources/appendix2a.pdf Graphic file (type pdf)
<use sources/appendix2a.pdf, page 5>
Package pdftex.def Info: sources/appendix2a.pdf , page5 used on input line 382.
(pdftex.def)             Requested size: 614.58406pt x 795.3441pt.
File: sources/appendix2a.pdf Graphic file (type pdf)
<use sources/appendix2a.pdf, page 5>
Package pdftex.def Info: sources/appendix2a.pdf , page5 used on input line 382.
(pdftex.def)             Requested size: 614.58406pt x 795.3441pt.

pdfTeX warning (ext4): destination with the same identifier (name{page.}) has been already used, duplicate ignored
<to be read again> 
                   \relax 
l.382 \includepdf[pages=-]{sources/appendix2a.pdf}
                                                  
File: sources/appendix2a.pdf Graphic file (type pdf)
<use sources/appendix2a.pdf, page 5>
Package pdftex.def Info: sources/appendix2a.pdf , page5 used on input line 382.
(pdftex.def)             Requested size: 614.58406pt x 795.3441pt.
 [7 <./sources/appendix2a.pdf>]
<sources/appendix2a.pdf, id=338, page=6, 614.295pt x 794.97pt>
File: sources/appendix2a.pdf Graphic file (type pdf)
<use sources/appendix2a.pdf, page 6>
Package pdftex.def Info: sources/appendix2a.pdf , page6 used on input line 382.
(pdftex.def)             Requested size: 614.58406pt x 795.3441pt.
File: sources/appendix2a.pdf Graphic file (type pdf)
<use sources/appendix2a.pdf, page 6>
Package pdftex.def Info: sources/appendix2a.pdf , page6 used on input line 382.
(pdftex.def)             Requested size: 614.58406pt x 795.3441pt.

pdfTeX warning (ext4): destination with the same identifier (name{page.}) has been already used, duplicate ignored
<to be read again> 
                   \relax 
l.382 \includepdf[pages=-]{sources/appendix2a.pdf}
                                                  
File: sources/appendix2a.pdf Graphic file (type pdf)
<use sources/appendix2a.pdf, page 6>
Package pdftex.def Info: sources/appendix2a.pdf , page6 used on input line 382.
(pdftex.def)             Requested size: 614.58406pt x 795.3441pt.
 [8 <./sources/appendix2a.pdf>]
<sources/appendix2a.pdf, id=342, page=7, 614.295pt x 794.97pt>
File: sources/appendix2a.pdf Graphic file (type pdf)
<use sources/appendix2a.pdf, page 7>
Package pdftex.def Info: sources/appendix2a.pdf , page7 used on input line 382.
(pdftex.def)             Requested size: 614.58406pt x 795.3441pt.
File: sources/appendix2a.pdf Graphic file (type pdf)
<use sources/appendix2a.pdf, page 7>
Package pdftex.def Info: sources/appendix2a.pdf , page7 used on input line 382.
(pdftex.def)             Requested size: 614.58406pt x 795.3441pt.

pdfTeX warning (ext4): destination with the same identifier (name{page.}) has been already used, duplicate ignored
<to be read again> 
                   \relax 
l.382 \includepdf[pages=-]{sources/appendix2a.pdf}
                                                  
File: sources/appendix2a.pdf Graphic file (type pdf)
<use sources/appendix2a.pdf, page 7>
Package pdftex.def Info: sources/appendix2a.pdf , page7 used on input line 382.
(pdftex.def)             Requested size: 614.58406pt x 795.3441pt.
 [9 <./sources/appendix2a.pdf>] 
enddocument/afterlastpage: lastpage setting LastPage.
(./main.aux)
 ***********
LaTeX2e <2023-06-01>
L3 programming layer <2023-06-05>
 ***********


LaTeX Warning: There were undefined references.

Package rerunfilecheck Info: File `main.out' has not changed.
(rerunfilecheck)             Checksum: 129A0F929728CF93659B7E07F94610BA;2962.
 ) 
Here is how much of TeX's memory you used:
 21376 strings out of 477619
 369134 string characters out of 5829987
 1876759 words of memory out of 5000000
 41467 multiletter control sequences out of 15000+600000
 556482 words of font info for 72 fonts, out of 8000000 for 9000
 59 hyphenation exceptions out of 8191
 110i,17n,118p,578b,626s stack positions out of 10000i,1000n,20000p,200000b,200000s
</usr/share/texlive/texmf-dist/fonts/type1/public/amsfonts/cm/cmbx10.pfb></usr/share/texlive/texmf-dist/fonts/type1/public/amsfonts/cm/cmbx12.pfb></usr/share/texlive/texmf-dist/fonts/type1/public/amsfonts/cm/cmex10.pfb></usr/share/texlive/texmf-dist/fonts/type1/public/amsfonts/cm/cmmi10.pfb></usr/share/texlive/texmf-dist/fonts/type1/public/amsfonts/cm/cmmi12.pfb></usr/share/texlive/texmf-dist/fonts/type1/public/amsfonts/cm/cmmi6.pfb></usr/share/texlive/texmf-dist/fonts/type1/public/amsfonts/cm/cmmi7.pfb></usr/share/texlive/texmf-dist/fonts/type1/public/amsfonts/cm/cmmi8.pfb></usr/share/texlive/texmf-dist/fonts/type1/public/amsfonts/cm/cmr10.pfb></usr/share/texlive/texmf-dist/fonts/type1/public/amsfonts/cm/cmr12.pfb></usr/share/texlive/texmf-dist/fonts/type1/public/amsfonts/cm/cmr8.pfb></usr/share/texlive/texmf-dist/fonts/type1/public/amsfonts/cm/cmsy10.pfb></usr/share/texlive/texmf-dist/fonts/type1/public/amsfonts/cm/cmsy6.pfb></usr/share/texlive/texmf-dist/fonts/type1/public/amsfonts/cm/cmsy8.pfb></usr/share/texmf/fonts/type1/public/cm-super/sfrm1000.pfb></usr/share/texlive/texmf-dist/fonts/type1/urw/courier/ucrb8a.pfb></usr/share/texlive/texmf-dist/fonts/type1/urw/courier/ucrr8a.pfb></usr/share/texlive/texmf-dist/fonts/type1/urw/times/utmb8a.pfb></usr/share/texlive/texmf-dist/fonts/type1/urw/times/utmbi8a.pfb></usr/share/texlive/texmf-dist/fonts/type1/urw/times/utmr8a.pfb></usr/share/texlive/texmf-dist/fonts/type1/urw/times/utmri8a.pfb>
Output written on main.pdf (21 pages, 470897 bytes).
PDF statistics:
 423 PDF objects out of 1000 (max. 8388607)
 337 compressed objects within 4 object streams
 49 named destinations out of 1000 (max. 500000)
 202 words of extra memory for PDF output out of 10000 (max. 10000000)

